<?xml version="1.0" encoding="UTF-8"?>
<!-- Generated by org.testng.reporters.JUnitReportReporter -->
<testsuite hostname="LAPTOP-1S9JIMTU" failures="0" tests="1" name="testScript.TestCase3" time="0.001" errors="0" timestamp="2022-11-22T13:43:20 IST" skipped="0">
  <testcase classname="testScript.TestCase3" name="tc3" time="0.001"/>
  <system-out>
Hello Appium  </system-out>
</testsuite> <!-- testScript.TestCase3 -->
